"2019-08-11 [main] INFO  c.w.t.s.SaasModuleApplicationTests - Starting SaasModuleApplicationTests on DESKTOP-ME47O6S with PID 2992 (started by mohamed.abdelsalam in C:\Users\malif\OneDrive\Desktop\wave-tech\saas-module)
""2019-08-11 [main] DEBUG c.w.t.s.SaasModuleApplicationTests - Running with Spring Boot v2.1.7.RELEASE, Spring v5.1.9.RELEASE
""2019-08-11 [main] INFO  c.w.t.s.SaasModuleApplicationTests - No active profile set, falling back to default profiles: default
""2019-08-11 [main] INFO  o.s.s.web.DefaultSecurityFilterChain - Creating filter chain: any request, [org.springframework.security.web.context.request.async.WebAsyncManagerIntegrationFilter@783efb48, org.springframework.security.web.context.SecurityContextPersistenceFilter@72209d93, org.springframework.security.web.header.HeaderWriterFilter@13cd7ea5, org.springframework.security.web.authentication.logout.LogoutFilter@4e38d975, org.springframework.security.web.authentication.www.BasicAuthenticationFilter@7b208b45, org.springframework.security.web.savedrequest.RequestCacheAwareFilter@1ded7b14, org.springframework.security.web.servletapi.SecurityContextHolderAwareRequestFilter@53dfacba, org.springframework.security.web.authentication.AnonymousAuthenticationFilter@5d235104, org.springframework.security.web.session.SessionManagementFilter@abbc908, org.springframework.security.web.access.ExceptionTranslationFilter@1c025cb, org.springframework.security.web.access.intercept.FilterSecurityInterceptor@7923f5b3]
""2019-08-11 [main] INFO  o.s.s.c.ThreadPoolTaskExecutor - Initializing ExecutorService 'applicationTaskExecutor'
""2019-08-11 [main] INFO  c.w.t.s.SaasModuleApplicationTests - Started SaasModuleApplicationTests in 3.798 seconds (JVM running for 4.682)
""2019-08-11 [Thread-2] INFO  o.s.s.c.ThreadPoolTaskExecutor - Shutting down ExecutorService 'applicationTaskExecutor'
""2019-08-11 [main] INFO  c.w.t.s.SaasModuleApplicationTests - Starting SaasModuleApplicationTests on DESKTOP-ME47O6S with PID 15268 (started by mohamed.abdelsalam in C:\Users\malif\OneDrive\Desktop\wave-tech\saas-module)
""2019-08-11 [main] DEBUG c.w.t.s.SaasModuleApplicationTests - Running with Spring Boot v2.1.7.RELEASE, Spring v5.1.9.RELEASE
""2019-08-11 [main] INFO  c.w.t.s.SaasModuleApplicationTests - No active profile set, falling back to default profiles: default
""2019-08-11 [main] INFO  o.s.s.web.DefaultSecurityFilterChain - Creating filter chain: any request, [org.springframework.security.web.context.request.async.WebAsyncManagerIntegrationFilter@5bfc257, org.springframework.security.web.context.SecurityContextPersistenceFilter@ff6077, org.springframework.security.web.header.HeaderWriterFilter@3241713e, org.springframework.security.web.authentication.logout.LogoutFilter@2d195ee4, org.springframework.security.web.authentication.www.BasicAuthenticationFilter@4c0884e8, org.springframework.security.web.savedrequest.RequestCacheAwareFilter@44afefd5, org.springframework.security.web.servletapi.SecurityContextHolderAwareRequestFilter@4650a407, org.springframework.security.web.authentication.AnonymousAuthenticationFilter@34523d46, org.springframework.security.web.session.SessionManagementFilter@18324f97, org.springframework.security.web.access.ExceptionTranslationFilter@f973499, org.springframework.security.web.access.intercept.FilterSecurityInterceptor@37095ded]
""2019-08-11 [main] INFO  o.s.s.c.ThreadPoolTaskExecutor - Initializing ExecutorService 'applicationTaskExecutor'
""2019-08-11 [main] INFO  c.w.t.s.SaasModuleApplicationTests - Started SaasModuleApplicationTests in 3.75 seconds (JVM running for 4.484)
""2019-08-11 [Thread-2] INFO  o.s.s.c.ThreadPoolTaskExecutor - Shutting down ExecutorService 'applicationTaskExecutor'
""2019-08-11 [main] INFO  c.w.t.s.SaasModuleApplicationTests - Starting SaasModuleApplicationTests on DESKTOP-ME47O6S with PID 16180 (started by mohamed.abdelsalam in C:\Users\malif\OneDrive\Desktop\wave-tech\saas-module)
""2019-08-11 [main] DEBUG c.w.t.s.SaasModuleApplicationTests - Running with Spring Boot v2.1.7.RELEASE, Spring v5.1.9.RELEASE
""2019-08-11 [main] INFO  c.w.t.s.SaasModuleApplicationTests - No active profile set, falling back to default profiles: default
""2019-08-11 [main] INFO  o.s.s.web.DefaultSecurityFilterChain - Creating filter chain: any request, [org.springframework.security.web.context.request.async.WebAsyncManagerIntegrationFilter@5bfc257, org.springframework.security.web.context.SecurityContextPersistenceFilter@ff6077, org.springframework.security.web.header.HeaderWriterFilter@3241713e, org.springframework.security.web.authentication.logout.LogoutFilter@2d195ee4, org.springframework.security.web.authentication.www.BasicAuthenticationFilter@4c0884e8, org.springframework.security.web.savedrequest.RequestCacheAwareFilter@44afefd5, org.springframework.security.web.servletapi.SecurityContextHolderAwareRequestFilter@4650a407, org.springframework.security.web.authentication.AnonymousAuthenticationFilter@34523d46, org.springframework.security.web.session.SessionManagementFilter@18324f97, org.springframework.security.web.access.ExceptionTranslationFilter@f973499, org.springframework.security.web.access.intercept.FilterSecurityInterceptor@37095ded]
""2019-08-11 [main] INFO  o.s.s.c.ThreadPoolTaskExecutor - Initializing ExecutorService 'applicationTaskExecutor'
""2019-08-11 [main] INFO  c.w.t.s.SaasModuleApplicationTests - Started SaasModuleApplicationTests in 3.846 seconds (JVM running for 4.548)
""2019-08-11 [Thread-2] INFO  o.s.s.c.ThreadPoolTaskExecutor - Shutting down ExecutorService 'applicationTaskExecutor'
""2019-08-11 [main] INFO  c.w.t.s.SaasModuleApplicationTests - Starting SaasModuleApplicationTests on DESKTOP-ME47O6S with PID 4500 (started by mohamed.abdelsalam in C:\Users\malif\OneDrive\Desktop\wave-tech\saas-module)
""2019-08-11 [main] DEBUG c.w.t.s.SaasModuleApplicationTests - Running with Spring Boot v2.1.7.RELEASE, Spring v5.1.9.RELEASE
""2019-08-11 [main] INFO  c.w.t.s.SaasModuleApplicationTests - No active profile set, falling back to default profiles: default
""2019-08-11 [main] INFO  o.s.s.web.DefaultSecurityFilterChain - Creating filter chain: any request, [org.springframework.security.web.context.request.async.WebAsyncManagerIntegrationFilter@34523d46, org.springframework.security.web.context.SecurityContextPersistenceFilter@abbc908, org.springframework.security.web.header.HeaderWriterFilter@5ecba515, org.springframework.security.web.authentication.logout.LogoutFilter@2d6aca33, org.springframework.security.web.authentication.www.BasicAuthenticationFilter@231baf51, org.springframework.security.web.savedrequest.RequestCacheAwareFilter@9a7a808, org.springframework.security.web.servletapi.SecurityContextHolderAwareRequestFilter@30135202, org.springframework.security.web.authentication.AnonymousAuthenticationFilter@7cedfa63, org.springframework.security.web.session.SessionManagementFilter@64f555e7, org.springframework.security.web.access.ExceptionTranslationFilter@4d33940d, org.springframework.security.web.access.intercept.FilterSecurityInterceptor@2eb79cbe]
""2019-08-11 [main] INFO  o.s.s.c.ThreadPoolTaskExecutor - Initializing ExecutorService 'applicationTaskExecutor'
""2019-08-11 [main] INFO  c.w.t.s.SaasModuleApplicationTests - Started SaasModuleApplicationTests in 4.046 seconds (JVM running for 4.735)
""2019-08-11 [Thread-2] INFO  o.s.s.c.ThreadPoolTaskExecutor - Shutting down ExecutorService 'applicationTaskExecutor'
"